0 info it worked if it ends with ok
1 verbose cli [ '/usr/bin/node', '/usr/bin/npm', 'install' ]
2 info using npm@3.5.2
3 info using node@v8.10.0
4 silly loadCurrentTree Starting
5 silly install loadCurrentTree
6 silly install readLocalPackageData
7 silly install normalizeTree
8 silly loadCurrentTree Finishing
9 silly loadIdealTree Starting
10 silly install loadIdealTree
11 silly cloneCurrentTree Starting
12 silly install cloneCurrentTreeToIdealTree
13 silly cloneCurrentTree Finishing
14 silly loadShrinkwrap Starting
15 silly install loadShrinkwrap
16 silly loadShrinkwrap Finishing
17 silly loadAllDepsIntoIdealTree Starting
18 silly install loadAllDepsIntoIdealTree
19 silly loadAllDepsIntoIdealTree Finishing
20 silly idealTree:prePrune student-portal
21 silly loadIdealTree Finishing
22 silly currentTree student-portal
23 silly idealTree student-portal
24 silly generateActionsToTake Starting
25 silly install generateActionsToTake
26 silly generateActionsToTake Finishing
27 silly diffTrees action count 0
28 silly decomposeActions action count 0
29 silly executeActions Starting
30 silly install executeActions
31 silly doSerial global-install 0
32 silly doParallel fetch 0
33 verbose lock using /home/migmaldonado/.npm/_locks/staging-394e4d4003a7e205.lock for /home/migmaldonado/student-portal/node_modules/.staging
34 verbose unlock done using /home/migmaldonado/.npm/_locks/staging-394e4d4003a7e205.lock for /home/migmaldonado/student-portal/node_modules/.staging
35 silly rollbackFailedOptional Starting
36 silly rollbackFailedOptional Finishing
37 silly runTopLevelLifecycles Starting
38 silly runTopLevelLifecycles Finishing
39 silly install printInstalled
40 warn enoent ENOENT: no such file or directory, open '/home/migmaldonado/student-portal/package.json'
41 warn student-portal No description
42 warn student-portal No repository field.
43 warn student-portal No README data
44 warn student-portal No license field.
45 verbose stack Error: EIO: i/o error, mkdir '/home/migmaldonado/student-portal/node_modules'
46 verbose cwd /home/migmaldonado/student-portal
47 error Linux 4.4.0-17134-Microsoft
48 error argv "/usr/bin/node" "/usr/bin/npm" "install"
49 error node v8.10.0
50 error npm  v3.5.2
51 error path /home/migmaldonado/student-portal/node_modules
52 error code EIO
53 error errno -5
54 error syscall mkdir
55 error EIO: i/o error, mkdir '/home/migmaldonado/student-portal/node_modules'
56 error If you need help, you may report this error at:
56 error     <https://github.com/npm/npm/issues>
57 verbose exit [ -5, true ]
